<?xml version="1.0" encoding="UTF-8"?>
<testng-results ignored="0" total="12" passed="12" failed="0" skipped="0">
  <reporter-output>
  </reporter-output>
  <suite started-at="2023-09-12T22:14:44 IST" name="Cross-Browser Test Suite" finished-at="2023-09-12T22:17:39 IST" duration-ms="175200">
    <groups>
      <group name="cucumber">
        <method signature="AbstractTestNGCucumberTests.runScenario(io.cucumber.testng.PickleWrapper,io.cucumber.testng.FeatureWrapper)[pri:0, instance:com.qa.saucedemo.practical.runners.TestRunner@48e1f6c7]" name="runScenario" class="io.cucumber.testng.AbstractTestNGCucumberTests"/>
        <method signature="AbstractTestNGCucumberTests.runScenario(io.cucumber.testng.PickleWrapper,io.cucumber.testng.FeatureWrapper)[pri:0, instance:com.qa.saucedemo.practical.runners.TestRunner@71687585]" name="runScenario" class="io.cucumber.testng.AbstractTestNGCucumberTests"/>
      </group> <!-- cucumber -->
    </groups>
    <test started-at="2023-09-12T22:14:44 IST" name="ChromeTest" finished-at="2023-09-12T22:16:09 IST" duration-ms="84839">
      <class name="com.qa.saucedemo.practical.runners.TestRunner">
        <test-method is-config="true" signature="setUpClass(org.testng.ITestContext)[pri:0, instance:com.qa.saucedemo.practical.runners.TestRunner@48e1f6c7]" started-at="2023-09-12T22:14:44 IST" name="setUpClass" finished-at="2023-09-12T22:14:46 IST" duration-ms="1451" status="PASS">
          <params>
            <param index="0">
              <value>
                <![CDATA[org.testng.TestRunner@4ea5b703]]>
              </value>
            </param>
          </params>
          <reporter-output>
          </reporter-output>
        </test-method> <!-- setUpClass -->
        <test-method is-config="true" signature="setUp(java.lang.String)[pri:0, instance:com.qa.saucedemo.practical.runners.TestRunner@48e1f6c7]" started-at="2023-09-12T22:14:46 IST" name="setUp" finished-at="2023-09-12T22:14:49 IST" duration-ms="3341" status="PASS">
          <params>
            <param index="0">
              <value>
                <![CDATA[chrome]]>
              </value>
            </param>
          </params>
          <reporter-output>
          </reporter-output>
        </test-method> <!-- setUp -->
        <test-method signature="runScenario(io.cucumber.testng.PickleWrapper,io.cucumber.testng.FeatureWrapper)[pri:0, instance:com.qa.saucedemo.practical.runners.TestRunner@48e1f6c7]" started-at="2023-09-12T22:14:49 IST" name="runScenario" description="Runs Cucumber Scenarios" data-provider="scenarios" finished-at="2023-09-12T22:15:03 IST" duration-ms="13429" status="PASS">
          <params>
            <param index="0">
              <value>
                <![CDATA["Test the end-to-end flow process of Sauce Demo"]]>
              </value>
            </param>
            <param index="1">
              <value>
                <![CDATA["Feature for end-to-end testing of Sauce Demo website"]]>
              </value>
            </param>
          </params>
          <reporter-output>
          </reporter-output>
        </test-method> <!-- runScenario -->
        <test-method is-config="true" signature="tearDown()[pri:0, instance:com.qa.saucedemo.practical.runners.TestRunner@48e1f6c7]" started-at="2023-09-12T22:15:03 IST" name="tearDown" finished-at="2023-09-12T22:15:03 IST" duration-ms="384" status="PASS">
          <reporter-output>
          </reporter-output>
        </test-method> <!-- tearDown -->
        <test-method is-config="true" signature="setUp(java.lang.String)[pri:0, instance:com.qa.saucedemo.practical.runners.TestRunner@48e1f6c7]" started-at="2023-09-12T22:15:03 IST" name="setUp" finished-at="2023-09-12T22:15:04 IST" duration-ms="1315" status="PASS">
          <params>
            <param index="0">
              <value>
                <![CDATA[chrome]]>
              </value>
            </param>
          </params>
          <reporter-output>
          </reporter-output>
        </test-method> <!-- setUp -->
        <test-method signature="runScenario(io.cucumber.testng.PickleWrapper,io.cucumber.testng.FeatureWrapper)[pri:0, instance:com.qa.saucedemo.practical.runners.TestRunner@48e1f6c7]" started-at="2023-09-12T22:15:04 IST" name="runScenario" description="Runs Cucumber Scenarios" data-provider="scenarios" finished-at="2023-09-12T22:15:17 IST" duration-ms="12224" status="PASS">
          <params>
            <param index="0">
              <value>
                <![CDATA["Test to verify the session timeout (TC_31)"]]>
              </value>
            </param>
            <param index="1">
              <value>
                <![CDATA["Feature for end-to-end testing of Sauce Demo website"]]>
              </value>
            </param>
          </params>
          <reporter-output>
          </reporter-output>
        </test-method> <!-- runScenario -->
        <test-method is-config="true" signature="tearDown()[pri:0, instance:com.qa.saucedemo.practical.runners.TestRunner@48e1f6c7]" started-at="2023-09-12T22:15:17 IST" name="tearDown" finished-at="2023-09-12T22:15:17 IST" duration-ms="375" status="PASS">
          <reporter-output>
          </reporter-output>
        </test-method> <!-- tearDown -->
        <test-method is-config="true" signature="setUp(java.lang.String)[pri:0, instance:com.qa.saucedemo.practical.runners.TestRunner@48e1f6c7]" started-at="2023-09-12T22:15:17 IST" name="setUp" finished-at="2023-09-12T22:15:18 IST" duration-ms="1489" status="PASS">
          <params>
            <param index="0">
              <value>
                <![CDATA[chrome]]>
              </value>
            </param>
          </params>
          <reporter-output>
          </reporter-output>
        </test-method> <!-- setUp -->
        <test-method signature="runScenario(io.cucumber.testng.PickleWrapper,io.cucumber.testng.FeatureWrapper)[pri:0, instance:com.qa.saucedemo.practical.runners.TestRunner@48e1f6c7]" started-at="2023-09-12T22:15:18 IST" name="runScenario" description="Runs Cucumber Scenarios" data-provider="scenarios" finished-at="2023-09-12T22:15:29 IST" duration-ms="11118" status="PASS">
          <params>
            <param index="0">
              <value>
                <![CDATA["Test to verify that the items which were added to the cart should remain added even if the user gets logged out."]]>
              </value>
            </param>
            <param index="1">
              <value>
                <![CDATA["Feature for end-to-end testing of Sauce Demo website"]]>
              </value>
            </param>
          </params>
          <reporter-output>
          </reporter-output>
        </test-method> <!-- runScenario -->
        <test-method is-config="true" signature="tearDown()[pri:0, instance:com.qa.saucedemo.practical.runners.TestRunner@48e1f6c7]" started-at="2023-09-12T22:15:29 IST" name="tearDown" finished-at="2023-09-12T22:15:30 IST" duration-ms="335" status="PASS">
          <reporter-output>
          </reporter-output>
        </test-method> <!-- tearDown -->
        <test-method is-config="true" signature="setUp(java.lang.String)[pri:0, instance:com.qa.saucedemo.practical.runners.TestRunner@48e1f6c7]" started-at="2023-09-12T22:15:30 IST" name="setUp" finished-at="2023-09-12T22:15:31 IST" duration-ms="1372" status="PASS">
          <params>
            <param index="0">
              <value>
                <![CDATA[chrome]]>
              </value>
            </param>
          </params>
          <reporter-output>
          </reporter-output>
        </test-method> <!-- setUp -->
        <test-method signature="runScenario(io.cucumber.testng.PickleWrapper,io.cucumber.testng.FeatureWrapper)[pri:0, instance:com.qa.saucedemo.practical.runners.TestRunner@48e1f6c7]" started-at="2023-09-12T22:15:31 IST" name="runScenario" description="Runs Cucumber Scenarios" data-provider="scenarios" finished-at="2023-09-12T22:15:37 IST" duration-ms="6262" status="PASS">
          <params>
            <param index="0">
              <value>
                <![CDATA["Test to verify that if the user enters given URL after login and no items are in the cart, the page access should be denied"]]>
              </value>
            </param>
            <param index="1">
              <value>
                <![CDATA["Feature for end-to-end testing of Sauce Demo website"]]>
              </value>
            </param>
          </params>
          <reporter-output>
          </reporter-output>
        </test-method> <!-- runScenario -->
        <test-method is-config="true" signature="tearDown()[pri:0, instance:com.qa.saucedemo.practical.runners.TestRunner@48e1f6c7]" started-at="2023-09-12T22:15:37 IST" name="tearDown" finished-at="2023-09-12T22:15:38 IST" duration-ms="326" status="PASS">
          <reporter-output>
          </reporter-output>
        </test-method> <!-- tearDown -->
        <test-method is-config="true" signature="setUp(java.lang.String)[pri:0, instance:com.qa.saucedemo.practical.runners.TestRunner@48e1f6c7]" started-at="2023-09-12T22:15:38 IST" name="setUp" finished-at="2023-09-12T22:15:39 IST" duration-ms="1416" status="PASS">
          <params>
            <param index="0">
              <value>
                <![CDATA[chrome]]>
              </value>
            </param>
          </params>
          <reporter-output>
          </reporter-output>
        </test-method> <!-- setUp -->
        <test-method signature="runScenario(io.cucumber.testng.PickleWrapper,io.cucumber.testng.FeatureWrapper)[pri:0, instance:com.qa.saucedemo.practical.runners.TestRunner@48e1f6c7]" started-at="2023-09-12T22:15:39 IST" name="runScenario" description="Runs Cucumber Scenarios" data-provider="scenarios" finished-at="2023-09-12T22:15:50 IST" duration-ms="10441" status="PASS">
          <params>
            <param index="0">
              <value>
                <![CDATA["Test to verify that if item is added to the cart of one user, that item should not be added to the cart for another user."]]>
              </value>
            </param>
            <param index="1">
              <value>
                <![CDATA["Feature for end-to-end testing of Sauce Demo website"]]>
              </value>
            </param>
          </params>
          <reporter-output>
          </reporter-output>
        </test-method> <!-- runScenario -->
        <test-method is-config="true" signature="tearDown()[pri:0, instance:com.qa.saucedemo.practical.runners.TestRunner@48e1f6c7]" started-at="2023-09-12T22:15:50 IST" name="tearDown" finished-at="2023-09-12T22:15:50 IST" duration-ms="816" status="PASS">
          <reporter-output>
          </reporter-output>
        </test-method> <!-- tearDown -->
        <test-method is-config="true" signature="setUp(java.lang.String)[pri:0, instance:com.qa.saucedemo.practical.runners.TestRunner@48e1f6c7]" started-at="2023-09-12T22:15:50 IST" name="setUp" finished-at="2023-09-12T22:15:53 IST" duration-ms="2093" status="PASS">
          <params>
            <param index="0">
              <value>
                <![CDATA[chrome]]>
              </value>
            </param>
          </params>
          <reporter-output>
          </reporter-output>
        </test-method> <!-- setUp -->
        <test-method signature="runScenario(io.cucumber.testng.PickleWrapper,io.cucumber.testng.FeatureWrapper)[pri:0, instance:com.qa.saucedemo.practical.runners.TestRunner@48e1f6c7]" started-at="2023-09-12T22:15:53 IST" name="runScenario" description="Runs Cucumber Scenarios" data-provider="scenarios" finished-at="2023-09-12T22:16:07 IST" duration-ms="14657" status="PASS">
          <params>
            <param index="0">
              <value>
                <![CDATA["Test to verify that an error message should come if all items are removed from the cart list and then checkout button is clicked."]]>
              </value>
            </param>
            <param index="1">
              <value>
                <![CDATA["Feature for end-to-end testing of Sauce Demo website"]]>
              </value>
            </param>
          </params>
          <reporter-output>
          </reporter-output>
        </test-method> <!-- runScenario -->
        <test-method is-config="true" signature="tearDown()[pri:0, instance:com.qa.saucedemo.practical.runners.TestRunner@48e1f6c7]" started-at="2023-09-12T22:16:07 IST" name="tearDown" finished-at="2023-09-12T22:16:08 IST" duration-ms="656" status="PASS">
          <reporter-output>
          </reporter-output>
        </test-method> <!-- tearDown -->
        <test-method is-config="true" signature="tearDownClass()[pri:0, instance:com.qa.saucedemo.practical.runners.TestRunner@48e1f6c7]" started-at="2023-09-12T22:16:08 IST" name="tearDownClass" finished-at="2023-09-12T22:16:09 IST" duration-ms="1239" status="PASS">
          <reporter-output>
          </reporter-output>
        </test-method> <!-- tearDownClass -->
      </class> <!-- com.qa.saucedemo.practical.runners.TestRunner -->
    </test> <!-- ChromeTest -->
    <test started-at="2023-09-12T22:16:09 IST" name="EdgeTest" finished-at="2023-09-12T22:17:39 IST" duration-ms="90317">
      <class name="com.qa.saucedemo.practical.runners.TestRunner">
        <test-method is-config="true" signature="setUpClass(org.testng.ITestContext)[pri:0, instance:com.qa.saucedemo.practical.runners.TestRunner@71687585]" started-at="2023-09-12T22:16:09 IST" name="setUpClass" finished-at="2023-09-12T22:16:09 IST" duration-ms="48" status="PASS">
          <params>
            <param index="0">
              <value>
                <![CDATA[org.testng.TestRunner@2a7ed1f]]>
              </value>
            </param>
          </params>
          <reporter-output>
          </reporter-output>
        </test-method> <!-- setUpClass -->
        <test-method is-config="true" signature="setUp(java.lang.String)[pri:0, instance:com.qa.saucedemo.practical.runners.TestRunner@71687585]" started-at="2023-09-12T22:16:09 IST" name="setUp" finished-at="2023-09-12T22:16:18 IST" duration-ms="8673" status="PASS">
          <params>
            <param index="0">
              <value>
                <![CDATA[edge]]>
              </value>
            </param>
          </params>
          <reporter-output>
          </reporter-output>
        </test-method> <!-- setUp -->
        <test-method signature="runScenario(io.cucumber.testng.PickleWrapper,io.cucumber.testng.FeatureWrapper)[pri:0, instance:com.qa.saucedemo.practical.runners.TestRunner@71687585]" started-at="2023-09-12T22:16:18 IST" name="runScenario" description="Runs Cucumber Scenarios" data-provider="scenarios" finished-at="2023-09-12T22:16:30 IST" duration-ms="12593" status="PASS">
          <params>
            <param index="0">
              <value>
                <![CDATA["Test the end-to-end flow process of Sauce Demo"]]>
              </value>
            </param>
            <param index="1">
              <value>
                <![CDATA["Feature for end-to-end testing of Sauce Demo website"]]>
              </value>
            </param>
          </params>
          <reporter-output>
          </reporter-output>
        </test-method> <!-- runScenario -->
        <test-method is-config="true" signature="tearDown()[pri:0, instance:com.qa.saucedemo.practical.runners.TestRunner@71687585]" started-at="2023-09-12T22:16:31 IST" name="tearDown" finished-at="2023-09-12T22:16:31 IST" duration-ms="923" status="PASS">
          <reporter-output>
          </reporter-output>
        </test-method> <!-- tearDown -->
        <test-method is-config="true" signature="setUp(java.lang.String)[pri:0, instance:com.qa.saucedemo.practical.runners.TestRunner@71687585]" started-at="2023-09-12T22:16:31 IST" name="setUp" finished-at="2023-09-12T22:16:33 IST" duration-ms="1632" status="PASS">
          <params>
            <param index="0">
              <value>
                <![CDATA[edge]]>
              </value>
            </param>
          </params>
          <reporter-output>
          </reporter-output>
        </test-method> <!-- setUp -->
        <test-method signature="runScenario(io.cucumber.testng.PickleWrapper,io.cucumber.testng.FeatureWrapper)[pri:0, instance:com.qa.saucedemo.practical.runners.TestRunner@71687585]" started-at="2023-09-12T22:16:33 IST" name="runScenario" description="Runs Cucumber Scenarios" data-provider="scenarios" finished-at="2023-09-12T22:16:46 IST" duration-ms="12776" status="PASS">
          <params>
            <param index="0">
              <value>
                <![CDATA["Test to verify the session timeout (TC_31)"]]>
              </value>
            </param>
            <param index="1">
              <value>
                <![CDATA["Feature for end-to-end testing of Sauce Demo website"]]>
              </value>
            </param>
          </params>
          <reporter-output>
          </reporter-output>
        </test-method> <!-- runScenario -->
        <test-method is-config="true" signature="tearDown()[pri:0, instance:com.qa.saucedemo.practical.runners.TestRunner@71687585]" started-at="2023-09-12T22:16:46 IST" name="tearDown" finished-at="2023-09-12T22:16:46 IST" duration-ms="437" status="PASS">
          <reporter-output>
          </reporter-output>
        </test-method> <!-- tearDown -->
        <test-method is-config="true" signature="setUp(java.lang.String)[pri:0, instance:com.qa.saucedemo.practical.runners.TestRunner@71687585]" started-at="2023-09-12T22:16:46 IST" name="setUp" finished-at="2023-09-12T22:16:48 IST" duration-ms="1585" status="PASS">
          <params>
            <param index="0">
              <value>
                <![CDATA[edge]]>
              </value>
            </param>
          </params>
          <reporter-output>
          </reporter-output>
        </test-method> <!-- setUp -->
        <test-method signature="runScenario(io.cucumber.testng.PickleWrapper,io.cucumber.testng.FeatureWrapper)[pri:0, instance:com.qa.saucedemo.practical.runners.TestRunner@71687585]" started-at="2023-09-12T22:16:48 IST" name="runScenario" description="Runs Cucumber Scenarios" data-provider="scenarios" finished-at="2023-09-12T22:16:59 IST" duration-ms="11401" status="PASS">
          <params>
            <param index="0">
              <value>
                <![CDATA["Test to verify that the items which were added to the cart should remain added even if the user gets logged out."]]>
              </value>
            </param>
            <param index="1">
              <value>
                <![CDATA["Feature for end-to-end testing of Sauce Demo website"]]>
              </value>
            </param>
          </params>
          <reporter-output>
          </reporter-output>
        </test-method> <!-- runScenario -->
        <test-method is-config="true" signature="tearDown()[pri:0, instance:com.qa.saucedemo.practical.runners.TestRunner@71687585]" started-at="2023-09-12T22:16:59 IST" name="tearDown" finished-at="2023-09-12T22:17:00 IST" duration-ms="638" status="PASS">
          <reporter-output>
          </reporter-output>
        </test-method> <!-- tearDown -->
        <test-method is-config="true" signature="setUp(java.lang.String)[pri:0, instance:com.qa.saucedemo.practical.runners.TestRunner@71687585]" started-at="2023-09-12T22:17:00 IST" name="setUp" finished-at="2023-09-12T22:17:01 IST" duration-ms="1504" status="PASS">
          <params>
            <param index="0">
              <value>
                <![CDATA[edge]]>
              </value>
            </param>
          </params>
          <reporter-output>
          </reporter-output>
        </test-method> <!-- setUp -->
        <test-method signature="runScenario(io.cucumber.testng.PickleWrapper,io.cucumber.testng.FeatureWrapper)[pri:0, instance:com.qa.saucedemo.practical.runners.TestRunner@71687585]" started-at="2023-09-12T22:17:01 IST" name="runScenario" description="Runs Cucumber Scenarios" data-provider="scenarios" finished-at="2023-09-12T22:17:08 IST" duration-ms="6330" status="PASS">
          <params>
            <param index="0">
              <value>
                <![CDATA["Test to verify that if the user enters given URL after login and no items are in the cart, the page access should be denied"]]>
              </value>
            </param>
            <param index="1">
              <value>
                <![CDATA["Feature for end-to-end testing of Sauce Demo website"]]>
              </value>
            </param>
          </params>
          <reporter-output>
          </reporter-output>
        </test-method> <!-- runScenario -->
        <test-method is-config="true" signature="tearDown()[pri:0, instance:com.qa.saucedemo.practical.runners.TestRunner@71687585]" started-at="2023-09-12T22:17:08 IST" name="tearDown" finished-at="2023-09-12T22:17:08 IST" duration-ms="647" status="PASS">
          <reporter-output>
          </reporter-output>
        </test-method> <!-- tearDown -->
        <test-method is-config="true" signature="setUp(java.lang.String)[pri:0, instance:com.qa.saucedemo.practical.runners.TestRunner@71687585]" started-at="2023-09-12T22:17:08 IST" name="setUp" finished-at="2023-09-12T22:17:10 IST" duration-ms="1939" status="PASS">
          <params>
            <param index="0">
              <value>
                <![CDATA[edge]]>
              </value>
            </param>
          </params>
          <reporter-output>
          </reporter-output>
        </test-method> <!-- setUp -->
        <test-method signature="runScenario(io.cucumber.testng.PickleWrapper,io.cucumber.testng.FeatureWrapper)[pri:0, instance:com.qa.saucedemo.practical.runners.TestRunner@71687585]" started-at="2023-09-12T22:17:10 IST" name="runScenario" description="Runs Cucumber Scenarios" data-provider="scenarios" finished-at="2023-09-12T22:17:22 IST" duration-ms="11659" status="PASS">
          <params>
            <param index="0">
              <value>
                <![CDATA["Test to verify that if item is added to the cart of one user, that item should not be added to the cart for another user."]]>
              </value>
            </param>
            <param index="1">
              <value>
                <![CDATA["Feature for end-to-end testing of Sauce Demo website"]]>
              </value>
            </param>
          </params>
          <reporter-output>
          </reporter-output>
        </test-method> <!-- runScenario -->
        <test-method is-config="true" signature="tearDown()[pri:0, instance:com.qa.saucedemo.practical.runners.TestRunner@71687585]" started-at="2023-09-12T22:17:22 IST" name="tearDown" finished-at="2023-09-12T22:17:23 IST" duration-ms="688" status="PASS">
          <reporter-output>
          </reporter-output>
        </test-method> <!-- tearDown -->
        <test-method is-config="true" signature="setUp(java.lang.String)[pri:0, instance:com.qa.saucedemo.practical.runners.TestRunner@71687585]" started-at="2023-09-12T22:17:23 IST" name="setUp" finished-at="2023-09-12T22:17:25 IST" duration-ms="2147" status="PASS">
          <params>
            <param index="0">
              <value>
                <![CDATA[edge]]>
              </value>
            </param>
          </params>
          <reporter-output>
          </reporter-output>
        </test-method> <!-- setUp -->
        <test-method signature="runScenario(io.cucumber.testng.PickleWrapper,io.cucumber.testng.FeatureWrapper)[pri:0, instance:com.qa.saucedemo.practical.runners.TestRunner@71687585]" started-at="2023-09-12T22:17:25 IST" name="runScenario" description="Runs Cucumber Scenarios" data-provider="scenarios" finished-at="2023-09-12T22:17:39 IST" duration-ms="14054" status="PASS">
          <params>
            <param index="0">
              <value>
                <![CDATA["Test to verify that an error message should come if all items are removed from the cart list and then checkout button is clicked."]]>
              </value>
            </param>
            <param index="1">
              <value>
                <![CDATA["Feature for end-to-end testing of Sauce Demo website"]]>
              </value>
            </param>
          </params>
          <reporter-output>
          </reporter-output>
        </test-method> <!-- runScenario -->
        <test-method is-config="true" signature="tearDown()[pri:0, instance:com.qa.saucedemo.practical.runners.TestRunner@71687585]" started-at="2023-09-12T22:17:39 IST" name="tearDown" finished-at="2023-09-12T22:17:39 IST" duration-ms="483" status="PASS">
          <reporter-output>
          </reporter-output>
        </test-method> <!-- tearDown -->
        <test-method is-config="true" signature="tearDownClass()[pri:0, instance:com.qa.saucedemo.practical.runners.TestRunner@71687585]" started-at="2023-09-12T22:17:39 IST" name="tearDownClass" finished-at="2023-09-12T22:17:39 IST" duration-ms="128" status="PASS">
          <reporter-output>
          </reporter-output>
        </test-method> <!-- tearDownClass -->
      </class> <!-- com.qa.saucedemo.practical.runners.TestRunner -->
    </test> <!-- EdgeTest -->
  </suite> <!-- Cross-Browser Test Suite -->
</testng-results>
